"GET /swagger/ HTTP/1.1" 200 2211
Internal Server Error: /swagger/
Traceback (most recent call last):
  File "C:\Users\wamak\Desktop\babiloc back\BabiLoc_Backend_Django\babiloc_backend\venv\Lib\site-packages\django\core\handlers\exception.py", line 55, in inner
    response = get_response(request)
  File "C:\Users\wamak\Desktop\babiloc back\BabiLoc_Backend_Django\babiloc_backend\venv\Lib\site-packages\django\core\handlers\base.py", line 197, in _get_response
    response = wrapped_callback(request, *callback_args, **callback_kwargs)
  File "C:\Users\wamak\Desktop\babiloc back\BabiLoc_Backend_Django\babiloc_backend\venv\Lib\site-packages\django\views\decorators\csrf.py", line 65, in _view_wrapper
    return view_func(request, *args, **kwargs)
  File "C:\Users\wamak\Desktop\babiloc back\BabiLoc_Backend_Django\babiloc_backend\venv\Lib\site-packages\django\views\generic\base.py", line 104, in view
    return self.dispatch(request, *args, **kwargs)
           ~~~~~~~~~~~~~^^^^^^^^^^^^^^^^^^^^^^^^^^
  File "C:\Users\wamak\Desktop\babiloc back\BabiLoc_Backend_Django\babiloc_backend\venv\Lib\site-packages\rest_framework\views.py", line 515, in dispatch
    response = self.handle_exception(exc)
  File "C:\Users\wamak\Desktop\babiloc back\BabiLoc_Backend_Django\babiloc_backend\venv\Lib\site-packages\rest_framework\views.py", line 475, in handle_exception
    self.raise_uncaught_exception(exc)
    ~~~~~~~~~~~~~~~~~~~~~~~~~~~~~^^^^^
  File "C:\Users\wamak\Desktop\babiloc back\BabiLoc_Backend_Django\babiloc_backend\venv\Lib\site-packages\rest_framework\views.py", line 486, in raise_uncaught_exception
    raise exc
  File "C:\Users\wamak\Desktop\babiloc back\BabiLoc_Backend_Django\babiloc_backend\venv\Lib\site-packages\rest_framework\views.py", line 512, in dispatch
    response = handler(request, *args, **kwargs)
  File "C:\Users\wamak\Desktop\babiloc back\BabiLoc_Backend_Django\babiloc_backend\venv\Lib\site-packages\drf_yasg\views.py", line 112, in get
    schema = generator.get_schema(request, self.public)
  File "C:\Users\wamak\Desktop\babiloc back\BabiLoc_Backend_Django\babiloc_backend\venv\Lib\site-packages\drf_yasg\generators.py", line 276, in get_schema
    paths, prefix = self.get_paths(endpoints, components, request, public)
                    ~~~~~~~~~~~~~~^^^^^^^^^^^^^^^^^^^^^^^^^^^^^^^^^^^^^^^^
  File "C:\Users\wamak\Desktop\babiloc back\BabiLoc_Backend_Django\babiloc_backend\venv\Lib\site-packages\drf_yasg\generators.py", line 482, in get_paths
    operation = self.get_operation(view, path, prefix, method, components, request)
  File "C:\Users\wamak\Desktop\babiloc back\BabiLoc_Backend_Django\babiloc_backend\venv\Lib\site-packages\drf_yasg\generators.py", line 524, in get_operation
    operation = view_inspector.get_operation(operation_keys)
  File "C:\Users\wamak\Desktop\babiloc back\BabiLoc_Backend_Django\babiloc_backend\venv\Lib\site-packages\drf_yasg\inspectors\view.py", line 45, in get_operation
    responses = self.get_responses()
  File "C:\Users\wamak\Desktop\babiloc back\BabiLoc_Backend_Django\babiloc_backend\venv\Lib\site-packages\drf_yasg\inspectors\view.py", line 182, in get_responses
    responses=self.get_response_schemas(response_serializers)
  File "C:\Users\wamak\Desktop\babiloc back\BabiLoc_Backend_Django\babiloc_backend\venv\Lib\site-packages\drf_yasg\inspectors\view.py", line 271, in get_response_schemas
    schema=self.serializer_to_schema(serializer),
           ~~~~~~~~~~~~~~~~~~~~~~~~~^^^^^^^^^^^^
  File "C:\Users\wamak\Desktop\babiloc back\BabiLoc_Backend_Django\babiloc_backend\venv\Lib\site-packages\drf_yasg\inspectors\base.py", line 438, in serializer_to_schema
    return self.probe_inspectors(
           ~~~~~~~~~~~~~~~~~~~~~^
        self.field_inspectors, 'get_schema', serializer, {'field_inspectors': self.field_inspectors}
        ^^^^^^^^^^^^^^^^^^^^^^^^^^^^^^^^^^^^^^^^^^^^^^^^^^^^^^^^^^^^^^^^^^^^^^^^^^^^^^^^^^^^^^^^^^^^
    )
    ^
  File "C:\Users\wamak\Desktop\babiloc back\BabiLoc_Backend_Django\babiloc_backend\venv\Lib\site-packages\drf_yasg\inspectors\base.py", line 110, in probe_inspectors
    result = method(obj, **kwargs)
  File "C:\Users\wamak\Desktop\babiloc back\BabiLoc_Backend_Django\babiloc_backend\venv\Lib\site-packages\drf_yasg\inspectors\field.py", line 49, in get_schema
    return self.probe_field_inspectors(serializer, openapi.Schema, self.use_definitions)
           ~~~~~~~~~~~~~~~~~~~~~~~~~~~^^^^^^^^^^^^^^^^^^^^^^^^^^^^^^^^^^^^^^^^^^^^^^^^^^
  File "C:\Users\wamak\Desktop\babiloc back\BabiLoc_Backend_Django\babiloc_backend\venv\Lib\site-packages\drf_yasg\inspectors\base.py", line 228, in probe_field_inspectors
    return self.probe_inspectors(
           ~~~~~~~~~~~~~~~~~~~~~^
        self.field_inspectors, 'field_to_swagger_object', field, {'field_inspectors': self.field_inspectors},
        ^^^^^^^^^^^^^^^^^^^^^^^^^^^^^^^^^^^^^^^^^^^^^^^^^^^^^^^^^^^^^^^^^^^^^^^^^^^^^^^^^^^^^^^^^^^^^^^^^^^^^
        swagger_object_type=swagger_object_type, use_references=use_references, **kwargs
        ^^^^^^^^^^^^^^^^^^^^^^^^^^^^^^^^^^^^^^^^^^^^^^^^^^^^^^^^^^^^^^^^^^^^^^^^^^^^^^^^
    )
    ^
  File "C:\Users\wamak\Desktop\babiloc back\BabiLoc_Backend_Django\babiloc_backend\venv\Lib\site-packages\drf_yasg\inspectors\base.py", line 110, in probe_inspectors
    result = method(obj, **kwargs)
  File "C:\Users\wamak\Desktop\babiloc back\BabiLoc_Backend_Django\babiloc_backend\venv\Lib\site-packages\drf_yasg\inspectors\field.py", line 93, in field_to_swagger_object
    child_schema = self.probe_field_inspectors(field.child, ChildSwaggerType, use_references)
  File "C:\Users\wamak\Desktop\babiloc back\BabiLoc_Backend_Django\babiloc_backend\venv\Lib\site-packages\drf_yasg\inspectors\base.py", line 228, in probe_field_inspectors
    return self.probe_inspectors(
           ~~~~~~~~~~~~~~~~~~~~~^
        self.field_inspectors, 'field_to_swagger_object', field, {'field_inspectors': self.field_inspectors},
        ^^^^^^^^^^^^^^^^^^^^^^^^^^^^^^^^^^^^^^^^^^^^^^^^^^^^^^^^^^^^^^^^^^^^^^^^^^^^^^^^^^^^^^^^^^^^^^^^^^^^^
        swagger_object_type=swagger_object_type, use_references=use_references, **kwargs
        ^^^^^^^^^^^^^^^^^^^^^^^^^^^^^^^^^^^^^^^^^^^^^^^^^^^^^^^^^^^^^^^^^^^^^^^^^^^^^^^^
    )
    ^
  File "C:\Users\wamak\Desktop\babiloc back\BabiLoc_Backend_Django\babiloc_backend\venv\Lib\site-packages\drf_yasg\inspectors\base.py", line 110, in probe_inspectors
    result = method(obj, **kwargs)
  File "C:\Users\wamak\Desktop\babiloc back\BabiLoc_Backend_Django\babiloc_backend\venv\Lib\site-packages\drf_yasg\inspectors\field.py", line 140, in field_to_swagger_object
    actual_schema = definitions.setdefault(ref_name, make_schema_definition)
  File "C:\Users\wamak\Desktop\babiloc back\BabiLoc_Backend_Django\babiloc_backend\venv\Lib\site-packages\drf_yasg\openapi.py", line 685, in setdefault
    ret = maker()
  File "C:\Users\wamak\Desktop\babiloc back\BabiLoc_Backend_Django\babiloc_backend\venv\Lib\site-packages\drf_yasg\inspectors\field.py", line 116, in make_schema_definition
    child_schema = self.probe_field_inspectors(
        child, ChildSwaggerType, use_references, **prop_kwargs
    )
  File "C:\Users\wamak\Desktop\babiloc back\BabiLoc_Backend_Django\babiloc_backend\venv\Lib\site-packages\drf_yasg\inspectors\base.py", line 228, in probe_field_inspectors
    return self.probe_inspectors(
           ~~~~~~~~~~~~~~~~~~~~~^
        self.field_inspectors, 'field_to_swagger_object', field, {'field_inspectors': self.field_inspectors},
        ^^^^^^^^^^^^^^^^^^^^^^^^^^^^^^^^^^^^^^^^^^^^^^^^^^^^^^^^^^^^^^^^^^^^^^^^^^^^^^^^^^^^^^^^^^^^^^^^^^^^^
        swagger_object_type=swagger_object_type, use_references=use_references, **kwargs
        ^^^^^^^^^^^^^^^^^^^^^^^^^^^^^^^^^^^^^^^^^^^^^^^^^^^^^^^^^^^^^^^^^^^^^^^^^^^^^^^^
    )
    ^
  File "C:\Users\wamak\Desktop\babiloc back\BabiLoc_Backend_Django\babiloc_backend\venv\Lib\site-packages\drf_yasg\inspectors\base.py", line 110, in probe_inspectors
    result = method(obj, **kwargs)
  File "C:\Users\wamak\Desktop\babiloc back\BabiLoc_Backend_Django\babiloc_backend\venv\Lib\site-packages\drf_yasg\inspectors\field.py", line 148, in field_to_swagger_object
    raise SwaggerGenerationError(
    ...<2 lines>...
        % (actual_serializer, this_serializer))
drf_yasg.errors.SwaggerGenerationError: Schema for <class 'Auths.serializers.UserSerializer'> would override distinct serializer <class 'reservation.serializers.UserSerializer'> because they implicitly share the same ref_name; explicitly set the ref_name attribute on both serializers' Meta classes
"GET /swagger/?format=openapi HTTP/1.1" 500 303802
C:\Users\wamak\Desktop\babiloc back\BabiLoc_Backend_Django\babiloc_backend\Auths\serializers.py changed, reloading.
Watching for file changes with StatReloader
C:\Users\wamak\Desktop\babiloc back\BabiLoc_Backend_Django\babiloc_backend\Auths\serializers.py changed, reloading.
Watching for file changes with StatReloader
C:\Users\wamak\Desktop\babiloc back\BabiLoc_Backend_Django\babiloc_backend\reservation\serializers.py changed, reloading.
Watching for file changes with StatReloader
C:\Users\wamak\Desktop\babiloc back\BabiLoc_Backend_Django\babiloc_backend\reservation\serializers.py changed, reloading.
Watching for file changes with StatReloader
"GET /swagger/ HTTP/1.1" 200 2211
"GET /swagger/?format=openapi HTTP/1.1" 200 26097
Bad Request: /api/auth/register/
"POST /api/auth/register/ HTTP/1.1" 400 73
Bad Request: /api/auth/register/
"POST /api/auth/register/ HTTP/1.1" 400 73
Bad Request: /api/auth/register/
"POST /api/auth/register/ HTTP/1.1" 400 73
Bad Request: /api/auth/register/
"POST /api/auth/register/ HTTP/1.1" 400 73
Bad Request: /api/auth/register/
"POST /api/auth/register/ HTTP/1.1" 400 105
Bad Request: /api/auth/register/
"POST /api/auth/register/ HTTP/1.1" 400 46
C:\Users\wamak\Desktop\babiloc back\BabiLoc_Backend_Django\babiloc_backend\Auths\serializers.py changed, reloading.
Watching for file changes with StatReloader
C:\Users\wamak\Desktop\babiloc back\BabiLoc_Backend_Django\babiloc_backend\Auths\serializers.py changed, reloading.
Watching for file changes with StatReloader
C:\Users\wamak\Desktop\babiloc back\BabiLoc_Backend_Django\babiloc_backend\reservation\serializers.py changed, reloading.
Watching for file changes with StatReloader
"POST /api/auth/register/ HTTP/1.1" 201 644
Unauthorized: /api/auth/activate/Mg/cs0g1t-5f60db5995782c8072970d542ca29809/
"GET /api/auth/activate/Mg/cs0g1t-5f60db5995782c8072970d542ca29809/ HTTP/1.1" 401 10214
Unauthorized: /api/auth/activate/Mg/cs0g1t-5f60db5995782c8072970d542ca29809/
"GET /api/auth/activate/Mg/cs0g1t-5f60db5995782c8072970d542ca29809/ HTTP/1.1" 401 10214
